<?xml version="1.0" encoding="utf-8"?><testsuites name="pytest tests"><testsuite name="pytest" errors="0" failures="0" skipped="0" tests="18" time="1.556" timestamp="2026-07-11T02:11:18.835273+00:00" hostname="agent-env-e8e93331-7ada-4c2b-b826-5699178af24d"><testcase classname="backend.tests.backend_test.TestHealth" name="test_health" time="0.003" /><testcase classname="backend.tests.backend_test.TestHealth" name="test_config" time="0.001" /><testcase classname="backend.tests.backend_test.TestPlansAndStocks" name="test_plans_seeded" time="0.002" /><testcase classname="backend.tests.backend_test.TestPlansAndStocks" name="test_stocks_seeded" time="0.002" /><testcase classname="backend.tests.backend_test.TestAuth" name="test_admin_login" time="0.252" /><testcase classname="backend.tests.backend_test.TestAuth" name="test_signup_defaults" time="0.227" /><testcase classname="backend.tests.backend_test.TestAuth" name="test_non_admin_blocked_from_admin_routes" time="0.233" /><testcase classname="backend.tests.backend_test.TestPurchaseFlow" name="test_purchase_creates_pending_and_returns_external_url" time="0.004" /><testcase classname="backend.tests.backend_test.TestPurchaseFlow" name="test_admin_sees_pending_payment" time="0.231" /><testcase classname="backend.tests.backend_test.TestPurchaseFlow" name="test_admin_approve_activates_membership" time="0.006" /><testcase classname="backend.tests.backend_test.TestUserActivationGuard" name="test_deactivate_regular_user_blocks_login" time="0.461" /><testcase classname="backend.tests.backend_test.TestUserActivationGuard" name="test_cannot_deactivate_admin" time="0.005" /><testcase classname="backend.tests.backend_test.TestKyc" name="test_kyc_rejects_non_pdf" time="0.007" /><testcase classname="backend.tests.backend_test.TestKyc" name="test_kyc_submit_pdf_ok" time="0.013" /><testcase classname="backend.tests.backend_test.TestKyc" name="test_admin_can_list_kyc" time="0.002" /><testcase classname="backend.tests.backend_test.TestKyc" name="test_admin_approve_kyc" time="0.004" /><testcase classname="backend.tests.backend_test.TestAdminPlansCrud" name="test_plans_crud" time="0.016" /><testcase classname="backend.tests.backend_test.TestAdminStocksCrud" name="test_stocks_crud" time="0.008" /></testsuite></testsuites>